
ROM used:   44/32768 (0%)
            48/32768 (0%) including unused fragments

            0.0 Average locations per line
            5.5 Average locations per statement

RAM used:   4/2048 (0%) at main() level
            5/2048 (0%) worst case

Stack used: 0 worst case (0 in main + 0 for interrupts)
Stack size: 31

Lines Stmts  %   Files
----- ----- ---  -----
   19     8 100  source_code_pcb.c
   68     0   0  main.h
  821     0   0  ..\..\..\..\..\..\..\Program Files\PICC\Devices\18F4550.h
----- -----
  908     8 Total

Page ROM  %  RAM   Vol Diff  Functions:
---- --- --- ---   --- ----  ----------
0     40  45    0   138  2.6  main
 Inline         0             @cinit1

Program metrics:
    Functions               1
    Statements              8
    Comments                156
    Volume (V)              140
    Difficulty (D)          2.5
    Effort to implement (E) 346
    Time to implement (T)   0 minutes
    Est Delivered Bugs (B)  0
    Cyclomatic Complexity   1
    Maintainability (MI)    135

 Segment     Used  Free
-----------  ----  ----
00000-007FE     0  2048  
00800-00806     4  4  
00808-07FFE    40  30672  



