CCS PCH C Compiler, Version 5.011, 5967               16-Απρ-24 17:16

               Filename:   C:\Users\D1_Station1\Desktop\Lab_06\Lab_06B\Source_code_proteus\source_code_proteus.lst

               ROM used:   262 bytes (1%)
                           Largest free fragment is 31670
               RAM used:   24 (1%) at main() level
                           24 (1%) worst case
               Stack used: 2 locations (1 in main + 1 for interrupts)
               Stack size: 30

*
0000:  GOTO   00EA
*
0008:  NOP   
000A:  NOP   
000C:  NOP   
000E:  NOP   
0010:  NOP   
0012:  NOP   
0014:  NOP   
0016:  NOP   
0018:  MOVWF  04
001A:  MOVFF  FD8,05
001E:  MOVFF  FE0,06
0022:  MOVLB  0
0024:  MOVFF  FE9,0C
0028:  MOVFF  FEA,07
002C:  MOVFF  FE1,08
0030:  MOVFF  FE2,09
0034:  MOVFF  FD9,0A
0038:  MOVFF  FDA,0B
003C:  MOVFF  FF3,12
0040:  MOVFF  FF4,13
0044:  MOVFF  FFA,14
0048:  MOVFF  00,0E
004C:  MOVFF  01,0F
0050:  MOVFF  02,10
0054:  MOVFF  03,11
0058:  BTFSS  FF2.5
005A:  GOTO   0064
005E:  BTFSC  FF2.2
0060:  GOTO   00A6
0064:  MOVFF  0E,00
0068:  MOVFF  0F,01
006C:  MOVFF  10,02
0070:  MOVFF  11,03
0074:  MOVFF  0C,FE9
0078:  MOVFF  07,FEA
007C:  BSF    07.7
007E:  MOVFF  08,FE1
0082:  MOVFF  09,FE2
0086:  MOVFF  0A,FD9
008A:  MOVFF  0B,FDA
008E:  MOVFF  12,FF3
0092:  MOVFF  13,FF4
0096:  MOVFF  14,FFA
009A:  MOVF   04,W
009C:  MOVFF  06,FE0
00A0:  MOVFF  05,FD8
00A4:  RETFIE 0
.................... #include <main-proteus.h> 
.................... #include <18F4550.h> 
.................... //////// Standard Header file for the PIC18F4550 device //////////////// 
.................... #device PIC18F4550 
....................  
.................... #list 
....................  
.................... #DEVICE HIGH_INTS=TRUE 
....................  #device icd=2 
.................... #device adc=10 
....................  
.................... #FUSES NOWDT                     //No Watch Dog Timer 
.................... #FUSES WDT32768                    //Watch Dog Timer uses 1:128 Postscale 
.................... #FUSES HSPLL                     //High Speed Crystal/Resonator with PLL enabled 
.................... #FUSES NOPROTECT                 //Code not protected from reading 
.................... #FUSES BROWNOUT                //No brownout reset 
.................... //#FUSES BORV20                    //Brownout reset at 2.0V 
.................... #FUSES NOPUT                     //No Power Up Timer 
.................... #FUSES NOCPD                     //No EE protection 
.................... #FUSES STVREN                    //Stack full/underflow will cause reset 
.................... #FUSES NODEBUG                   //No Debug mode for ICD 
.................... #FUSES NOLVP                     //No low voltage prgming, B3(PIC16) or B5(PIC18) used for I/O 
.................... #FUSES NOWRT                     //Program memory not write protected 
.................... #FUSES NOWRTD                    //Data EEPROM not write protected 
.................... #FUSES NOIESO                      //Internal External Switch Over mode enabled 
.................... #FUSES NOFCMEN                     //Fail-safe clock monitor enabled 
.................... #FUSES NOPBADEN                 ///PORTB pins are configured as analog input channels on RESET 
.................... #FUSES NOWRTC                    //configuration not registers write protected 
.................... #FUSES NOWRTB                    //Boot block not write protected 
.................... #FUSES NOEBTR                    //Memory not protected from table reads 
.................... #FUSES NOEBTRB                   //Boot block not protected from table reads 
.................... #FUSES NOCPB                     //No Boot Block code protection 
.................... #FUSES MCLR                      //Master Clear pin enabled 
.................... #FUSES NOLPT1OSC                   //Timer1 configured for low-power operation 
.................... #FUSES NOXINST                   //Extended set extension and Indexed Addressing mode disabled (Legacy mode) 
.................... #FUSES PLL5                      //Divide By 12(48MHz oscillator input) 
.................... #FUSES CPUDIV1                   //System Clock by 2 
.................... #FUSES USBDIV                    //USB clock source comes from PLL divide by 2 
.................... #FUSES VREGEN                    //USB voltage regulator enabled 
.................... //#FUSES ICPRT                     //ICPRT enabled 
.................... #FUSES WRTB 
.................... #FUSES NOICPRT  
.................... #FUSES NOLPT1OSC 
.................... #FUSES CCP2B3  
.................... #FUSES NOCPB 
.................... #FUSES NOCPD 
.................... #FUSES NOWRTC 
.................... #FUSES NOWRTD 
.................... #FUSES NOEBTR 
.................... #FUSES NOEBTRB               
....................  
.................... /* systm clock is 48 MHz */ 
.................... #use delay(clock=48000000,RESTART_WDT) 
.................... /* --- BEGIN: changes required for bootloader ------------------------------ */ 
....................  
.................... /* ------------------------------------------------------------------------- */ 
.................... /* map reset vector and interrupt vector                                     */ 
.................... /* 0x000-0x7FF is used by the bootloader. The bootloader maps the original   */ 
.................... /* reset vecotr (0x000) to 0x800 and the reset vector (0x008) to 0x800.      */ 
.................... /* ------------------------------------------------------------------------- */ 
.................... #build (reset=0x000, interrupt=0x008) 
....................  
.................... /* ------------------------------------------------------------------------- */ 
.................... /* reserve boot block area                                                   */ 
.................... /* This memory range is used by the bootloader, so the application must not  */ 
.................... /* use this area.                                                            */ 
.................... /* ------------------------------------------------------------------------- */ 
.................... //#org 0  , 0x000 {} 
....................  
.................... /* --- END: changes required for bootloader -------------------------------- */ 
....................  
....................  
....................  
....................  
....................  
.................... #byte PORTB         =0xF81     
....................                                
.................... void init (void);              
.................... void timer0_int(void);         
.................... int16 counter1=20;             
....................                                
.................... void main(){             
*
00EA:  CLRF   FF8
00EC:  BCF    FF1.2
00EE:  BSF    FD0.7
00F0:  BSF    07.7
00F2:  CLRF   17
00F4:  MOVLW  14
00F6:  MOVWF  16
00F8:  MOVF   FC1,W
00FA:  ANDLW  C0
00FC:  IORLW  0F
00FE:  MOVWF  FC1
0100:  MOVLW  07
0102:  MOVWF  FB4
....................    init();                        
0104:  BRA    00CE
....................    while (TRUE){} 
0106:  BRA    0106
.................... } 
....................  
.................... #INT_TIMER0                   
....................  
0108:  BRA    0108
.................... void timer0_int(void){ 
....................    set_timer0(63661);                                   
*
00A6:  MOVLW  F8
00A8:  MOVWF  FD7
00AA:  MOVLW  AD
00AC:  MOVWF  FD6
....................    counter1--; 
00AE:  MOVF   16,W
00B0:  BTFSC  FD8.2
00B2:  DECF   17,F
00B4:  DECF   16,F
....................    if (counter1==0){ 
00B6:  MOVF   16,F
00B8:  BNZ   00C8
00BA:  MOVF   17,F
00BC:  BNZ   00C8
....................          counter1=20; 
00BE:  CLRF   17
00C0:  MOVLW  14
00C2:  MOVWF  16
....................          PORTB=PORTB+1;               
00C4:  MOVLW  01
00C6:  ADDWF  F81,F
....................    }             
00C8:  BCF    FF2.2
00CA:  GOTO   0064
....................    }        
....................  
....................                               
.................... void init (void) {        
....................  
....................    SETUP_TIMER_0(T0_INTERNAL | T0_DIV_64 );  
00CE:  MOVLW  85
00D0:  MOVWF  FD5
....................     
....................    set_timer0(63661);                        
00D2:  MOVLW  F8
00D4:  MOVWF  FD7
00D6:  MOVLW  AD
00D8:  MOVWF  FD6
....................     
....................    enable_interrupts(INT_TIMER0); 
00DA:  BSF    FF2.5
....................     
....................    enable_interrupts(GLOBAL); 
00DC:  MOVLW  C0
00DE:  IORWF  FF2,F
....................     
....................    set_tris_b(0x00); 
00E0:  MOVLW  00
00E2:  MOVWF  F93
....................     
....................    PORTB=0x00;                               
00E4:  CLRF   F81
00E6:  GOTO   0106 (RETURN)
.................... } 

Configuration Fuses:
   Word  1: 0E24   PLL5 CPUDIV1 USBDIV HSPLL NOFCMEN NOIESO
   Word  2: 1E39   NOPUT NOBROWNOUT BORV21 VREGEN NOWDT WDT32768
   Word  3: 8000   CCP2B3 NOPBADEN NOLPT1OSC MCLR
   Word  4: 0020   NOSTVREN NOLVP ICSP2 NOXINST DEBUG
   Word  5: C00F   NOPROTECT NOCPB NOCPD
   Word  6: E00F   NOWRT NOWRTC NOWRTB NOWRTD
   Word  7: 400F   NOEBTR NOEBTRB

   Some fuses have been forced to be compatible with the ICD debugger.
