
ROM used:   114/32768 (0%)
            118/32768 (0%) including unused fragments

            0.1 Average locations per line
            9.5 Average locations per statement

RAM used:   4/2048 (0%) at main() level
            5/2048 (0%) worst case

Stack used: 2 worst case (2 in main + 0 for interrupts)
Stack size: 31

Lines Stmts  %   Files
----- ----- ---  -----
   34    12 100  source_code.c
   68     0   0  main.h
  821     0   0  ..\..\..\..\..\..\Program Files\PICC\Devices\18F4550.h
----- -----
  923    12 Total

Page ROM  %  RAM   Vol Diff  Functions:
---- --- --- ---   --- ----  ----------
0     44  19    1             @delay_ms1
0     34  15    0    94  2.5  main
0     32  14    1   102  2.1  push_button
 Inline         0             @cinit1

Program metrics:
    Functions               2
    Statements              12
    Comments                156
    Volume (V)              248
    Difficulty (D)          4.2
    Effort to implement (E) 1037
    Time to implement (T)   1 minutes
    Est Delivered Bugs (B)  0
    Cyclomatic Complexity   1
    Maintainability (MI)    162

 Segment     Used  Free
-----------  ----  ----
00000-007FE     0  2048  
00800-00806     4  4  
00808-07FFE   110  30602  



