CCS PCH C Compiler, Version 5.011, 5967               19-בס-24 18:01

               Filename:   C:\Users\D1_Station1\Desktop\Lab_2\Exercise2_d\Source_code_proteus\source_code_proteus.lst

               ROM used:   114 bytes (0%)
                           Largest free fragment is 31822
               RAM used:   4 (0%) at main() level
                           5 (0%) worst case
               Stack used: 2 locations
               Stack size: 30

*
0000:  GOTO   0050
.................... #include <main-proteus.h> 
.................... #include <18F4550.h> 
.................... //////// Standard Header file for the PIC18F4550 device //////////////// 
.................... #device PIC18F4550 
....................  
.................... #list 
....................  
.................... #DEVICE HIGH_INTS=TRUE 
....................  #device icd=2 
.................... #device adc=10 
....................  
.................... #FUSES NOWDT                     //No Watch Dog Timer 
.................... #FUSES WDT32768                    //Watch Dog Timer uses 1:128 Postscale 
.................... #FUSES HSPLL                     //High Speed Crystal/Resonator with PLL enabled 
.................... #FUSES NOPROTECT                 //Code not protected from reading 
.................... #FUSES BROWNOUT                //No brownout reset 
.................... //#FUSES BORV20                    //Brownout reset at 2.0V 
.................... #FUSES NOPUT                     //No Power Up Timer 
.................... #FUSES NOCPD                     //No EE protection 
.................... #FUSES STVREN                    //Stack full/underflow will cause reset 
.................... #FUSES NODEBUG                   //No Debug mode for ICD 
.................... #FUSES NOLVP                     //No low voltage prgming, B3(PIC16) or B5(PIC18) used for I/O 
.................... #FUSES NOWRT                     //Program memory not write protected 
.................... #FUSES NOWRTD                    //Data EEPROM not write protected 
.................... #FUSES NOIESO                      //Internal External Switch Over mode enabled 
.................... #FUSES NOFCMEN                     //Fail-safe clock monitor enabled 
.................... #FUSES NOPBADEN                 ///PORTB pins are configured as analog input channels on RESET 
.................... #FUSES NOWRTC                    //configuration not registers write protected 
.................... #FUSES NOWRTB                    //Boot block not write protected 
.................... #FUSES NOEBTR                    //Memory not protected from table reads 
.................... #FUSES NOEBTRB                   //Boot block not protected from table reads 
.................... #FUSES NOCPB                     //No Boot Block code protection 
.................... #FUSES MCLR                      //Master Clear pin enabled 
.................... #FUSES NOLPT1OSC                   //Timer1 configured for low-power operation 
.................... #FUSES NOXINST                   //Extended set extension and Indexed Addressing mode disabled (Legacy mode) 
.................... #FUSES PLL5                      //Divide By 12(48MHz oscillator input) 
.................... #FUSES CPUDIV1                   //System Clock by 2 
.................... #FUSES USBDIV                    //USB clock source comes from PLL divide by 2 
.................... #FUSES VREGEN                    //USB voltage regulator enabled 
.................... //#FUSES ICPRT                     //ICPRT enabled 
.................... #FUSES WRTB 
.................... #FUSES NOICPRT  
.................... #FUSES NOLPT1OSC 
.................... #FUSES CCP2B3  
.................... #FUSES NOCPB 
.................... #FUSES NOCPD 
.................... #FUSES NOWRTC 
.................... #FUSES NOWRTD 
.................... #FUSES NOEBTR 
.................... #FUSES NOEBTRB               
....................  
.................... /* systm clock is 48 MHz */ 
.................... #use delay(clock=48000000,RESTART_WDT) 
0004:  CLRF   FEA
0006:  MOVLW  05
0008:  MOVWF  FE9
000A:  MOVF   FEF,W
000C:  BZ    002E
000E:  MOVLW  0F
0010:  MOVWF  01
0012:  MOVLW  BF
0014:  MOVWF  00
0016:  CLRWDT
0018:  DECFSZ 00,F
001A:  BRA    0016
001C:  DECFSZ 01,F
001E:  BRA    0012
0020:  MOVLW  8F
0022:  MOVWF  00
0024:  DECFSZ 00,F
0026:  BRA    0024
0028:  CLRWDT
002A:  DECFSZ FEF,F
002C:  BRA    000E
002E:  RETURN 0
.................... /* --- BEGIN: changes required for bootloader ------------------------------ */ 
....................  
.................... /* ------------------------------------------------------------------------- */ 
.................... /* map reset vector and interrupt vector                                     */ 
.................... /* 0x000-0x7FF is used by the bootloader. The bootloader maps the original   */ 
.................... /* reset vecotr (0x000) to 0x800 and the reset vector (0x008) to 0x800.      */ 
.................... /* ------------------------------------------------------------------------- */ 
.................... #build (reset=0x000, interrupt=0x008) 
....................  
.................... /* ------------------------------------------------------------------------- */ 
.................... /* reserve boot block area                                                   */ 
.................... /* This memory range is used by the bootloader, so the application must not  */ 
.................... /* use this area.                                                            */ 
.................... /* ------------------------------------------------------------------------- */ 
.................... //#org 0  , 0x000 {} 
....................  
.................... /* --- END: changes required for bootloader -------------------------------- */ 
....................  
....................  
....................  
....................  
....................  
.................... #byte PORTB = 0xF81 
.................... #byte PORTD = 0xF83 
....................  
.................... void push_button (void); 
....................  
.................... void main(){ 
*
0050:  CLRF   FF8
0052:  BSF    FD0.7
0054:  MOVF   FC1,W
0056:  ANDLW  C0
0058:  IORLW  0F
005A:  MOVWF  FC1
005C:  MOVLW  07
005E:  MOVWF  FB4
.................... set_tris_b(0xFF); 
0060:  MOVLW  FF
0062:  MOVWF  F93
....................  
.................... set_tris_d(0x00); 
0064:  MOVLW  00
0066:  MOVWF  F95
....................  
....................    while(TRUE){ 
....................     
....................    push_button(); 
0068:  BRA    0030
....................    PORTD=PORTD+1; }} 
006A:  MOVLW  01
006C:  ADDWF  F83,F
006E:  BRA    0068
....................     
0070:  BRA    0070
....................    void push_button (void){ 
....................     
....................    while(INPUT(PIN_B4)){ 
*
0030:  BSF    F93.4
0032:  BTFSS  F81.4
0034:  BRA    0038
0036:  BRA    0030
....................     
....................     
....................    } 
....................    delay_ms(50); 
0038:  MOVLW  32
003A:  MOVWF  05
003C:  RCALL  0004
....................     
....................    while(INPUT(PIN_B4)==0){ 
003E:  BSF    F93.4
0040:  BTFSC  F81.4
0042:  BRA    0046
0044:  BRA    003E
....................     
....................     
....................     
....................    } 
....................    delay_ms(50); 
0046:  MOVLW  32
0048:  MOVWF  05
004A:  RCALL  0004
004C:  GOTO   006A (RETURN)
....................     
....................        
....................    } 
....................     

Configuration Fuses:
   Word  1: 0E24   PLL5 CPUDIV1 USBDIV HSPLL NOFCMEN NOIESO
   Word  2: 1E39   NOPUT NOBROWNOUT BORV21 VREGEN NOWDT WDT32768
   Word  3: 8000   CCP2B3 NOPBADEN NOLPT1OSC MCLR
   Word  4: 0020   NOSTVREN NOLVP ICSP2 NOXINST DEBUG
   Word  5: C00F   NOPROTECT NOCPB NOCPD
   Word  6: E00F   NOWRT NOWRTC NOWRTB NOWRTD
   Word  7: 400F   NOEBTR NOEBTRB

   Some fuses have been forced to be compatible with the ICD debugger.
