
ROM used:   1164/32768 (4%)
            1168/32768 (4%) including unused fragments

            1.1 Average locations per line
            18.8 Average locations per statement

RAM used:   25/2048 (1%) at main() level
            51/2048 (2%) worst case

Stack used: 12 worst case (6 in main + 6 for interrupts)
Stack size: 31

Lines Stmts  %   Files
----- ----- ---  -----
   55    19  31  source_code.c
   68     0   0  main.h
  821     0   0  ..\..\..\..\..\..\Program Files\PICC\Devices\18F4550.h
  144    43  69  flex_lcd.h
----- -----
 1088    62 Total

Page ROM  %  RAM   Vol Diff  Functions:
---- --- --- ---   --- ----  ----------
0     44   2    1             @delay_ms1
0     36   2    0             @const634
0     80   3    1   326  2.8  lcd_send_nibble
0     60   3    3   211  3.8  lcd_send_byte
0    228  10    2   380  4.7  lcd_init
0     34   1    4   186  5.5  lcd_gotoxy
0     66   3    1   272  4.1  lcd_putc
0     60   3    0   167  2.1  init
0      2   0    0             @const654
0     32   1    2             @PSTRINGC_646
0     26   1    0    32  1.2  MAIN
0     74   3    0   174  2.9  int_timer_0
0      2   0    0   174  2.9  @const660
0     14   1    0             @const661
0     32   1    3             @PSTRINGCN_646
0     40   2    3             @DIV88
0    172   7    6             @PRINTF_D_646
 Inline         0             @cinit1

Program metrics:
    Functions               9
    Statements              62
    Comments                185
    Volume (V)              3135
    Difficulty (D)          28.9
    Effort to implement (E) 90560
    Time to implement (T)   1 hours, 24 minutes
    Est Delivered Bugs (B)  1
    Cyclomatic Complexity   10
    Maintainability (MI)    143

 Segment     Used  Free
-----------  ----  ----
00000-007FE     0  2048  
00800-00806     4  4  
00808-008A4   158  0  
008A6-07FFE  1002  29552  



