
ROM used:   88/32768 (0%)
            92/32768 (0%) including unused fragments

            0.1 Average locations per line
            12.6 Average locations per statement

RAM used:   4/2048 (0%) at main() level
            5/2048 (0%) worst case

Stack used: 1 worst case (1 in main + 0 for interrupts)
Stack size: 31

Lines Stmts  %   Files
----- ----- ---  -----
   17     7 100  source_code_pcb.c
   68     0   0  main.h
  821     0   0  ..\..\..\..\..\..\Program Files\PICC\Devices\18F4550.h
----- -----
  906     7 Total

Page ROM  %  RAM   Vol Diff  Functions:
---- --- --- ---   --- ----  ----------
0     44  25    1             @delay_ms1
0     40  23    0   108  2.1  main
 Inline         0             @cinit1

Program metrics:
    Functions               1
    Statements              7
    Comments                156
    Volume (V)              112
    Difficulty (D)          1.8
    Effort to implement (E) 206
    Time to implement (T)   0 minutes
    Est Delivered Bugs (B)  0
    Cyclomatic Complexity   1
    Maintainability (MI)    139

 Segment     Used  Free
-----------  ----  ----
00000-007FE     0  2048  
00800-00806     4  4  
00808-07FFE    84  30628  



