
ROM used:   108/31936 (0%)
            108/31936 (0%) including unused fragments

            0.1 Average locations per line
            9.8 Average locations per statement

RAM used:   5/2036 (0%) at main() level
            5/2036 (0%) worst case

Stack used: 1 worst case (1 in main + 0 for interrupts)
Stack size: 30

Lines Stmts  %   Files
----- ----- ---  -----
   27    11 100  source_code_proteus.c
   69     0   0  main-proteus.h
  821     0   0  ..\..\..\..\..\..\Program Files\PICC\Devices\18F4550.h
----- -----
  917    11 Total

Page ROM  %  RAM   Vol Diff  Functions:
---- --- --- ---   --- ----  ----------
0     44  20    1             @delay_ms1
0     60  28    1   197  3.1  main
 Inline         0             @cinit1

Program metrics:
    Functions               1
    Statements              11
    Comments                158
    Volume (V)              202
    Difficulty (D)          2.8
    Effort to implement (E) 572
    Time to implement (T)   1 minutes
    Est Delivered Bugs (B)  0
    Cyclomatic Complexity   1
    Maintainability (MI)    134

 Segment     Used  Free
-----------  ----  ----
00000-00002     4  0  
00004-07CBE   104  31828  



