CCS PCH C Compiler, Version 5.011, 5967               12-בס-24 17:46

               Filename:   C:\Users\D1_Station1\Desktop\Lab_02\Exercise_01\01c\Source_Code_Proteus\source_code_proteus.lst

               ROM used:   44 bytes (0%)
                           Largest free fragment is 31892
               RAM used:   4 (0%) at main() level
                           5 (0%) worst case
               Stack used: 0 locations
               Stack size: 30

*
0000:  GOTO   0004
.................... #include <main-proteus.h> 
.................... #include <18F4550.h> 
.................... //////// Standard Header file for the PIC18F4550 device //////////////// 
.................... #device PIC18F4550 
....................  
.................... #list 
....................  
.................... #DEVICE HIGH_INTS=TRUE 
....................  #device icd=2 
.................... #device adc=10 
....................  
.................... #FUSES NOWDT                     //No Watch Dog Timer 
.................... #FUSES WDT32768                    //Watch Dog Timer uses 1:128 Postscale 
.................... #FUSES HSPLL                     //High Speed Crystal/Resonator with PLL enabled 
.................... #FUSES NOPROTECT                 //Code not protected from reading 
.................... #FUSES BROWNOUT                //No brownout reset 
.................... //#FUSES BORV20                    //Brownout reset at 2.0V 
.................... #FUSES NOPUT                     //No Power Up Timer 
.................... #FUSES NOCPD                     //No EE protection 
.................... #FUSES STVREN                    //Stack full/underflow will cause reset 
.................... #FUSES NODEBUG                   //No Debug mode for ICD 
.................... #FUSES NOLVP                     //No low voltage prgming, B3(PIC16) or B5(PIC18) used for I/O 
.................... #FUSES NOWRT                     //Program memory not write protected 
.................... #FUSES NOWRTD                    //Data EEPROM not write protected 
.................... #FUSES NOIESO                      //Internal External Switch Over mode enabled 
.................... #FUSES NOFCMEN                     //Fail-safe clock monitor enabled 
.................... #FUSES NOPBADEN                 ///PORTB pins are configured as analog input channels on RESET 
.................... #FUSES NOWRTC                    //configuration not registers write protected 
.................... #FUSES NOWRTB                    //Boot block not write protected 
.................... #FUSES NOEBTR                    //Memory not protected from table reads 
.................... #FUSES NOEBTRB                   //Boot block not protected from table reads 
.................... #FUSES NOCPB                     //No Boot Block code protection 
.................... #FUSES MCLR                      //Master Clear pin enabled 
.................... #FUSES NOLPT1OSC                   //Timer1 configured for low-power operation 
.................... #FUSES NOXINST                   //Extended set extension and Indexed Addressing mode disabled (Legacy mode) 
.................... #FUSES PLL5                      //Divide By 12(48MHz oscillator input) 
.................... #FUSES CPUDIV1                   //System Clock by 2 
.................... #FUSES USBDIV                    //USB clock source comes from PLL divide by 2 
.................... #FUSES VREGEN                    //USB voltage regulator enabled 
.................... //#FUSES ICPRT                     //ICPRT enabled 
.................... #FUSES WRTB 
.................... #FUSES NOICPRT  
.................... #FUSES NOLPT1OSC 
.................... #FUSES CCP2B3  
.................... #FUSES NOCPB 
.................... #FUSES NOCPD 
.................... #FUSES NOWRTC 
.................... #FUSES NOWRTD 
.................... #FUSES NOEBTR 
.................... #FUSES NOEBTRB               
....................  
.................... /* systm clock is 48 MHz */ 
.................... #use delay(clock=48000000,RESTART_WDT) 
.................... /* --- BEGIN: changes required for bootloader ------------------------------ */ 
....................  
.................... /* ------------------------------------------------------------------------- */ 
.................... /* map reset vector and interrupt vector                                     */ 
.................... /* 0x000-0x7FF is used by the bootloader. The bootloader maps the original   */ 
.................... /* reset vecotr (0x000) to 0x800 and the reset vector (0x008) to 0x800.      */ 
.................... /* ------------------------------------------------------------------------- */ 
.................... #build (reset=0x000, interrupt=0x008) 
....................  
.................... /* ------------------------------------------------------------------------- */ 
.................... /* reserve boot block area                                                   */ 
.................... /* This memory range is used by the bootloader, so the application must not  */ 
.................... /* use this area.                                                            */ 
.................... /* ------------------------------------------------------------------------- */ 
.................... //#org 0  , 0x000 {} 
....................  
.................... /* --- END: changes required for bootloader -------------------------------- */ 
....................  
....................  
....................  
....................  
....................  
....................  
.................... #byte PORTB = 0xF81 
.................... #byte PORTD = 0xF83 
....................  
.................... void main(){ 
0004:  CLRF   FF8
0006:  BSF    FD0.7
0008:  MOVF   FC1,W
000A:  ANDLW  C0
000C:  IORLW  0F
000E:  MOVWF  FC1
0010:  MOVLW  07
0012:  MOVWF  FB4
....................     
....................    set_tris_d(0xFF); 
0014:  MOVLW  FF
0016:  MOVWF  F95
....................    set_tris_b(0x00); 
0018:  MOVLW  00
001A:  MOVWF  F93
....................     
....................    int a; 
....................  
....................    while(true){ 
....................       a = PORTD; 
001C:  MOVFF  F83,05
....................       a = a/2; 
0020:  BCF    FD8.0
0022:  RRCF   05,F
....................       PORTB = a; 
0024:  MOVFF  05,F81
0028:  BRA    001C
....................    } 
.................... } 
002A:  BRA    002A

Configuration Fuses:
   Word  1: 0E24   PLL5 CPUDIV1 USBDIV HSPLL NOFCMEN NOIESO
   Word  2: 1E39   NOPUT NOBROWNOUT BORV21 VREGEN NOWDT WDT32768
   Word  3: 8000   CCP2B3 NOPBADEN NOLPT1OSC MCLR
   Word  4: 0020   NOSTVREN NOLVP ICSP2 NOXINST DEBUG
   Word  5: C00F   NOPROTECT NOCPB NOCPD
   Word  6: E00F   NOWRT NOWRTC NOWRTB NOWRTD
   Word  7: 400F   NOEBTR NOEBTRB

   Some fuses have been forced to be compatible with the ICD debugger.
