
ROM used:   44/31936 (0%)
            44/31936 (0%) including unused fragments

            0.0 Average locations per line
            5.5 Average locations per statement

RAM used:   4/2036 (0%) at main() level
            5/2036 (0%) worst case

Stack used: 0 worst case (0 in main + 0 for interrupts)
Stack size: 30

Lines Stmts  %   Files
----- ----- ---  -----
   19     8 100  source_code_proteus.c
   69     0   0  main-proteus.h
  821     0   0  ..\..\..\..\..\..\..\Program Files\PICC\Devices\18F4550.h
----- -----
  909     8 Total

Page ROM  %  RAM   Vol Diff  Functions:
---- --- --- ---   --- ----  ----------
0     40  45    0   138  2.6  main
 Inline         0             @cinit1

Program metrics:
    Functions               1
    Statements              8
    Comments                158
    Volume (V)              140
    Difficulty (D)          2.5
    Effort to implement (E) 346
    Time to implement (T)   0 minutes
    Est Delivered Bugs (B)  0
    Cyclomatic Complexity   1
    Maintainability (MI)    141

 Segment     Used  Free
-----------  ----  ----
00000-00002     4  0  
00004-07CBE    40  31892  



