
ROM used:   112/32768 (0%)
            116/32768 (0%) including unused fragments

            0.1 Average locations per line
            9.3 Average locations per statement

RAM used:   5/2048 (0%) at main() level
            5/2048 (0%) worst case

Stack used: 1 worst case (1 in main + 0 for interrupts)
Stack size: 31

Lines Stmts  %   Files
----- ----- ---  -----
   31    12 100  source_code.c
   68     0   0  main.h
  821     0   0  ..\..\..\..\..\..\Program Files\PICC\Devices\18F4550.h
----- -----
  920    12 Total

Page ROM  %  RAM   Vol Diff  Functions:
---- --- --- ---   --- ----  ----------
0     44  20    1             @delay_ms1
0     64  29    1   221  3.2  main
 Inline         0             @cinit1

Program metrics:
    Functions               1
    Statements              12
    Comments                156
    Volume (V)              226
    Difficulty (D)          2.9
    Effort to implement (E) 653
    Time to implement (T)   1 minutes
    Est Delivered Bugs (B)  0
    Cyclomatic Complexity   1
    Maintainability (MI)    126

 Segment     Used  Free
-----------  ----  ----
00000-007FE     0  2048  
00800-00806     4  4  
00808-07FFE   108  30604  



