CCS PCH C Compiler, Version 5.011, 5967               16-Απρ-24 18:04

               Filename:   C:\Users\D1_Station1\Desktop\Lab_06\Lab_06C\Source_code\source_code.lst

               ROM used:   356 bytes (1%)
                           Largest free fragment is 30360
               RAM used:   30 (1%) at main() level
                           30 (1%) worst case
               Stack used: 2 locations (1 in main + 1 for interrupts)
               Stack size: 31

*
0800:  GOTO   0936
*
0808:  NOP   
080A:  NOP   
080C:  NOP   
080E:  NOP   
0810:  NOP   
0812:  NOP   
0814:  NOP   
0816:  NOP   
0818:  MOVWF  04
081A:  MOVFF  FD8,05
081E:  MOVFF  FE0,06
0822:  MOVLB  0
0824:  MOVFF  FE9,0C
0828:  MOVFF  FEA,07
082C:  MOVFF  FE1,08
0830:  MOVFF  FE2,09
0834:  MOVFF  FD9,0A
0838:  MOVFF  FDA,0B
083C:  MOVFF  FF3,12
0840:  MOVFF  FF4,13
0844:  MOVFF  FFA,14
0848:  MOVFF  00,0E
084C:  MOVFF  01,0F
0850:  MOVFF  02,10
0854:  MOVFF  03,11
0858:  BTFSS  FF2.5
085A:  GOTO   0864
085E:  BTFSC  FF2.2
0860:  GOTO   08A6
0864:  MOVFF  0E,00
0868:  MOVFF  0F,01
086C:  MOVFF  10,02
0870:  MOVFF  11,03
0874:  MOVFF  0C,FE9
0878:  MOVFF  07,FEA
087C:  BSF    07.7
087E:  MOVFF  08,FE1
0882:  MOVFF  09,FE2
0886:  MOVFF  0A,FD9
088A:  MOVFF  0B,FDA
088E:  MOVFF  12,FF3
0892:  MOVFF  13,FF4
0896:  MOVFF  14,FFA
089A:  MOVF   04,W
089C:  MOVFF  06,FE0
08A0:  MOVFF  05,FD8
08A4:  RETFIE 0
.................... #include <main.h> 
.................... #include <18F4550.h> 
.................... //////// Standard Header file for the PIC18F4550 device //////////////// 
.................... #device PIC18F4550 
....................  
.................... #list 
....................  
.................... #DEVICE HIGH_INTS=TRUE 
.................... #device adc=10 
....................  
.................... #FUSES NOWDT                     //No Watch Dog Timer 
.................... #FUSES WDT32768                    //Watch Dog Timer uses 1:128 Postscale 
.................... #FUSES HSPLL                     //High Speed Crystal/Resonator with PLL enabled 
.................... #FUSES NOPROTECT                 //Code not protected from reading 
.................... #FUSES BROWNOUT                //No brownout reset 
.................... //#FUSES BORV20                    //Brownout reset at 2.0V 
.................... #FUSES NOPUT                     //No Power Up Timer 
.................... #FUSES NOCPD                     //No EE protection 
.................... #FUSES STVREN                    //Stack full/underflow will cause reset 
.................... #FUSES NODEBUG                   //No Debug mode for ICD 
.................... #FUSES NOLVP                     //No low voltage prgming, B3(PIC16) or B5(PIC18) used for I/O 
.................... #FUSES NOWRT                     //Program memory not write protected 
.................... #FUSES NOWRTD                    //Data EEPROM not write protected 
.................... #FUSES NOIESO                      //Internal External Switch Over mode enabled 
.................... #FUSES NOFCMEN                     //Fail-safe clock monitor enabled 
.................... #FUSES NOPBADEN                 ///PORTB pins are configured as analog input channels on RESET 
.................... #FUSES NOWRTC                    //configuration not registers write protected 
.................... #FUSES NOWRTB                    //Boot block not write protected 
.................... #FUSES NOEBTR                    //Memory not protected from table reads 
.................... #FUSES NOEBTRB                   //Boot block not protected from table reads 
.................... #FUSES NOCPB                     //No Boot Block code protection 
.................... #FUSES MCLR                      //Master Clear pin enabled 
.................... #FUSES NOLPT1OSC                   //Timer1 configured for low-power operation 
.................... #FUSES NOXINST                   //Extended set extension and Indexed Addressing mode disabled (Legacy mode) 
.................... #FUSES PLL5                      //Divide By 12(48MHz oscillator input) 
.................... #FUSES CPUDIV1                   //System Clock by 2 
.................... #FUSES USBDIV                    //USB clock source comes from PLL divide by 2 
.................... #FUSES VREGEN                    //USB voltage regulator enabled 
.................... #FUSES ICPRT                     //ICPRT enabled 
.................... #FUSES WRTB 
.................... #FUSES NOICPRT  
.................... #FUSES NOLPT1OSC 
.................... #FUSES CCP2B3  
.................... #FUSES NOCPB 
.................... #FUSES NOCPD 
.................... #FUSES NOWRTC 
.................... #FUSES NOWRTD 
.................... #FUSES NOEBTR 
.................... #FUSES NOEBTRB               
....................  
.................... /* systm clock is 48 MHz */ 
.................... #use delay(clock=48000000,RESTART_WDT) 
.................... /* --- BEGIN: changes required for bootloader ------------------------------ */ 
....................  
.................... /* ------------------------------------------------------------------------- */ 
.................... /* map reset vector and interrupt vector                                     */ 
.................... /* 0x000-0x7FF is used by the bootloader. The bootloader maps the original   */ 
.................... /* reset vecotr (0x000) to 0x800 and the reset vector (0x008) to 0x800.      */ 
.................... /* ------------------------------------------------------------------------- */ 
.................... #build (reset=0x800, interrupt=0x808) 
....................  
.................... /* ------------------------------------------------------------------------- */ 
.................... /* reserve boot block area                                                   */ 
.................... /* This memory range is used by the bootloader, so the application must not  */ 
.................... /* use this area.                                                            */ 
.................... /* ------------------------------------------------------------------------- */ 
.................... #org 0, 0x7FF {} 
....................  
.................... /* --- END: changes required for bootloader -------------------------------- */ 
....................  
....................  
....................  
....................  
....................  
.................... #byte PORTB         =0xF81     
....................                                
.................... void init (void);              
.................... void timer0_int(void);         
.................... int16 counter1=2;   
.................... int16 counter2=3; 
.................... int16 counter3=4;   
.................... int16 counter4=6;  
....................                               
.................... void main(){             
*
0936:  CLRF   FF8
0938:  BCF    FF1.2
093A:  BSF    FD0.7
093C:  BSF    07.7
093E:  CLRF   17
0940:  MOVLW  02
0942:  MOVWF  16
0944:  CLRF   19
0946:  MOVLW  03
0948:  MOVWF  18
094A:  CLRF   1B
094C:  MOVLW  04
094E:  MOVWF  1A
0950:  CLRF   1D
0952:  MOVLW  06
0954:  MOVWF  1C
0956:  MOVF   FC1,W
0958:  ANDLW  C0
095A:  IORLW  0F
095C:  MOVWF  FC1
095E:  MOVLW  07
0960:  MOVWF  FB4
....................    init();                        
0962:  BRA    091A
....................    while (TRUE){} 
0964:  BRA    0964
.................... } 
....................  
.................... #INT_TIMER0                   
....................  
0966:  SLEEP 
.................... void timer0_int(void){ 
....................    set_timer0(60858);                                   
*
08A6:  MOVLW  ED
08A8:  MOVWF  FD7
08AA:  MOVLW  BA
08AC:  MOVWF  FD6
....................    counter1--; 
08AE:  MOVF   16,W
08B0:  BTFSC  FD8.2
08B2:  DECF   17,F
08B4:  DECF   16,F
....................    counter2--; 
08B6:  MOVF   18,W
08B8:  BTFSC  FD8.2
08BA:  DECF   19,F
08BC:  DECF   18,F
....................    counter3--; 
08BE:  MOVF   1A,W
08C0:  BTFSC  FD8.2
08C2:  DECF   1B,F
08C4:  DECF   1A,F
....................    counter4--; 
08C6:  MOVF   1C,W
08C8:  BTFSC  FD8.2
08CA:  DECF   1D,F
08CC:  DECF   1C,F
....................    if (counter1==0){ 
08CE:  MOVF   16,F
08D0:  BNZ   08E0
08D2:  MOVF   17,F
08D4:  BNZ   08E0
....................          counter1=2; 
08D6:  CLRF   17
08D8:  MOVLW  02
08DA:  MOVWF  16
....................          PORTB=PORTB^0b00000001;               
08DC:  MOVLW  01
08DE:  XORWF  F81,F
....................    } 
....................     
....................    if (counter2==0){ 
08E0:  MOVF   18,F
08E2:  BNZ   08F2
08E4:  MOVF   19,F
08E6:  BNZ   08F2
....................          counter2=3; 
08E8:  CLRF   19
08EA:  MOVLW  03
08EC:  MOVWF  18
....................          PORTB=PORTB^0b00000010;               
08EE:  MOVLW  02
08F0:  XORWF  F81,F
....................    } 
....................     
....................    if (counter3==0){ 
08F2:  MOVF   1A,F
08F4:  BNZ   0902
08F6:  MOVF   1B,F
08F8:  BNZ   0902
....................          counter3=4; 
08FA:  CLRF   1B
08FC:  MOVLW  04
08FE:  MOVWF  1A
....................          PORTB=PORTB^0b00000100;               
0900:  XORWF  F81,F
....................    } 
....................     
....................    if (counter4==0){ 
0902:  MOVF   1C,F
0904:  BNZ   0914
0906:  MOVF   1D,F
0908:  BNZ   0914
....................          counter4=6; 
090A:  CLRF   1D
090C:  MOVLW  06
090E:  MOVWF  1C
....................          PORTB=PORTB^0b00001000;               
0910:  MOVLW  08
0912:  XORWF  F81,F
....................    }    
0914:  BCF    FF2.2
0916:  GOTO   0864
.................... }        
....................  
....................                               
.................... void init (void) {        
....................  
....................    SETUP_TIMER_0(T0_INTERNAL | T0_DIV_64 );  
091A:  MOVLW  85
091C:  MOVWF  FD5
....................     
....................    set_timer0(60858);                        
091E:  MOVLW  ED
0920:  MOVWF  FD7
0922:  MOVLW  BA
0924:  MOVWF  FD6
....................     
....................    enable_interrupts(INT_TIMER0); 
0926:  BSF    FF2.5
....................     
....................    enable_interrupts(GLOBAL); 
0928:  MOVLW  C0
092A:  IORWF  FF2,F
....................     
....................    set_tris_b(0x00); 
092C:  MOVLW  00
092E:  MOVWF  F93
....................     
....................    PORTB=0x00;                               
0930:  CLRF   F81
0932:  GOTO   0964 (RETURN)
....................    } 

Configuration Fuses:
   Word  1: 0E24   PLL5 CPUDIV1 USBDIV HSPLL NOFCMEN NOIESO
   Word  2: 1E3F   NOPUT BROWNOUT BORV21 VREGEN NOWDT WDT32768
   Word  3: 8000   CCP2B3 NOPBADEN NOLPT1OSC MCLR
   Word  4: 0081   STVREN NOLVP ICSP1 NOXINST NODEBUG
   Word  5: C00F   NOPROTECT NOCPB NOCPD
   Word  6: A00F   NOWRT NOWRTC WRTB NOWRTD
   Word  7: 400F   NOEBTR NOEBTRB
