
ROM used:   356/32768 (1%)
            360/32768 (1%) including unused fragments

            0.4 Average locations per line
            11.9 Average locations per statement

RAM used:   30/2048 (1%) at main() level
            30/2048 (1%) worst case

Stack used: 2 worst case (1 in main + 1 for interrupts)
Stack size: 31

Lines Stmts  %   Files
----- ----- ---  -----
   60    30 100  source_code.c
   68     0   0  main.h
  821     0   0  ..\..\..\..\..\..\Program Files\PICC\Devices\18F4550.h
----- -----
  949    30 Total

Page ROM  %  RAM   Vol Diff  Functions:
---- --- --- ---   --- ----  ----------
0     50   7    0    27  1.0  main
0    116  16    0   456  3.8  timer0_int
0     28   4    0   127  2.2  init
 Inline         0             @cinit1

Program metrics:
    Functions               3
    Statements              30
    Comments                156
    Volume (V)              754
    Difficulty (D)          7.5
    Effort to implement (E) 5633
    Time to implement (T)   5 minutes
    Est Delivered Bugs (B)  0
    Cyclomatic Complexity   4
    Maintainability (MI)    55

 Segment     Used  Free
-----------  ----  ----
00000-007FE     0  2048  
00800-00806     4  4  
00808-008A4   158  0  
008A6-07FFE   194  30360  



