
ROM used:   1168/31936 (4%)
            1168/31936 (4%) including unused fragments

            1.1 Average locations per line
            18.5 Average locations per statement

RAM used:   25/2036 (1%) at main() level
            51/2036 (3%) worst case

Stack used: 12 worst case (6 in main + 6 for interrupts)
Stack size: 30

Lines Stmts  %   Files
----- ----- ---  -----
   54    19  30  source_code_proteus.c
   69     0   0  main-proteus.h
  821     0   0  ..\..\..\..\..\..\Program Files\PICC\Devices\18F4550.h
  144    44  70  flex_lcd-proteus.h
----- -----
 1088    63 Total

Page ROM  %  RAM   Vol Diff  Functions:
---- --- --- ---   --- ----  ----------
0     44   2    1             @delay_ms1
0     36   2    0             @const634
0     80   3    1   326  2.8  lcd_send_nibble
0     60   3    3   211  3.8  lcd_send_byte
0    232  10    2   406  4.7  lcd_init
0     34   1    4   186  5.5  lcd_gotoxy
0     66   3    1   272  4.1  lcd_putc
0     60   3    0   167  2.1  init
0      2   0    0             @const654
0     32   1    2             @PSTRINGC_646
0     26   1    0    32  1.2  MAIN
0     74   3    0   174  2.9  int_timer_0
0      2   0    0   174  2.9  @const660
0     14   1    0             @const661
0     32   1    3             @PSTRINGCN_646
0     40   2    3             @DIV88
0    172   7    6             @PRINTF_D_646
 Inline         0             @cinit1

Program metrics:
    Functions               9
    Statements              63
    Comments                187
    Volume (V)              3172
    Difficulty (D)          28.9
    Effort to implement (E) 91761
    Time to implement (T)   1 hours, 25 minutes
    Est Delivered Bugs (B)  1
    Cyclomatic Complexity   10
    Maintainability (MI)    144

 Segment     Used  Free
-----------  ----  ----
00000-00002     4  0  
00004-00006     0  4  
00008-000A4   158  0  
000A6-07CBE  1006  30764  



